TN:
SF:src/app/common/components/ToggleSwitch/IconToggleSwitch.tsx
FN:6,IconToggleSwitch
FN:17,onClick
FNF:2
FNH:2
FNDA:3,IconToggleSwitch
FNDA:1,onClick
DA:1,1
DA:2,1
DA:3,1
DA:4,1
DA:5,1
DA:6,1
DA:7,3
DA:8,3
DA:9,3
DA:10,3
DA:11,3
DA:12,3
DA:13,3
DA:14,3
DA:15,3
DA:16,3
DA:17,3
DA:18,3
DA:19,3
DA:20,3
DA:21,3
DA:22,3
DA:23,3
DA:24,3
DA:25,3
DA:26,3
DA:27,3
LF:27
LH:27
BRDA:6,0,0,3
BRDA:17,1,0,1
BRF:2
BRH:2
end_of_record
TN:
SF:src/app/common/components/ToggleSwitch/ToggleSwitch.tsx
FN:5,ToggleSwitch
FN:12,onClick
FNF:2
FNH:2
FNDA:2,ToggleSwitch
FNDA:1,onClick
DA:1,1
DA:2,1
DA:3,1
DA:4,1
DA:5,1
DA:6,2
DA:7,2
DA:8,2
DA:9,2
DA:10,2
DA:11,2
DA:12,2
DA:13,2
DA:14,2
DA:15,2
LF:15
LH:15
BRDA:5,0,0,2
BRDA:12,1,0,1
BRF:2
BRH:2
end_of_record
TN:
SF:src/app/common/components/ToggleSwitch/styles.ts
FNF:0
FNH:0
DA:1,1
DA:2,1
DA:3,1
DA:4,1
DA:5,1
DA:6,1
DA:7,1
DA:8,1
DA:9,1
DA:10,1
DA:11,1
DA:12,1
DA:13,1
DA:14,1
DA:15,1
DA:16,1
DA:17,1
DA:18,1
DA:19,5
DA:20,5
DA:21,2
DA:22,2
DA:23,5
DA:24,1
DA:25,1
DA:26,1
DA:27,1
DA:28,1
DA:29,1
DA:30,1
DA:31,1
DA:32,1
DA:33,1
DA:34,1
DA:35,1
DA:36,1
DA:37,1
DA:38,1
DA:39,1
DA:40,1
DA:41,1
DA:42,1
DA:43,1
DA:44,5
DA:45,2
DA:46,2
DA:47,2
DA:48,3
DA:49,3
DA:50,1
DA:51,1
DA:52,1
DA:53,1
DA:54,5
DA:55,2
DA:56,2
DA:57,2
DA:58,3
DA:59,3
DA:60,1
DA:61,1
DA:62,1
DA:63,1
LF:63
LH:63
BRDA:16,0,0,5
BRDA:18,1,0,5
BRDA:20,2,0,2
BRDA:21,3,0,2
BRDA:34,4,0,5
BRDA:43,5,0,5
BRDA:45,6,0,2
BRDA:48,7,0,3
BRDA:53,8,0,5
BRDA:55,9,0,2
BRDA:58,10,0,3
BRDA:56,11,0,2
BRDA:59,12,0,3
BRF:13
BRH:13
end_of_record
TN:
SF:src/app/common/constants/icons/index.ts
FNF:0
FNH:0
DA:1,1
DA:2,1
DA:3,1
DA:4,1
DA:5,1
DA:6,1
DA:7,1
DA:8,1
DA:9,1
DA:10,1
DA:11,1
DA:12,1
DA:13,1
DA:14,1
LF:14
LH:14
BRF:0
BRH:0
end_of_record
